2025-07-28T12:03:02.206-03:00  INFO 27304 --- [main] c.a.c.ChampionshipApplication            : Starting ChampionshipApplication using Java 21.0.6 with PID 27304 (C:\Users\jtchb\Desktop\Projetos\Lbweb\api-gerenciamento-campeonato\target\classes started by jtchb in C:\Users\jtchb\Desktop\Projetos\Lbweb\api-gerenciamento-campeonato)
2025-07-28T12:03:02.211-03:00  INFO 27304 --- [main] c.a.c.ChampionshipApplication            : No active profile set, falling back to 1 default profile: "default"
2025-07-28T12:03:02.808-03:00  INFO 27304 --- [main] .s.d.r.c.RepositoryConfigurationDelegate : Bootstrapping Spring Data JPA repositories in DEFAULT mode.
2025-07-28T12:03:02.856-03:00  INFO 27304 --- [main] .s.d.r.c.RepositoryConfigurationDelegate : Finished Spring Data repository scanning in 42 ms. Found 5 JPA repository interfaces.
2025-07-28T12:03:03.298-03:00  INFO 27304 --- [main] o.s.b.w.embedded.tomcat.TomcatWebServer  : Tomcat initialized with port 8080 (http)
2025-07-28T12:03:03.306-03:00  INFO 27304 --- [main] o.apache.catalina.core.StandardService   : Starting service [Tomcat]
2025-07-28T12:03:03.306-03:00  INFO 27304 --- [main] o.apache.catalina.core.StandardEngine    : Starting Servlet engine: [Apache Tomcat/10.1.16]
2025-07-28T12:03:03.364-03:00  INFO 27304 --- [main] o.a.c.c.C.[Tomcat].[localhost].[/]       : Initializing Spring embedded WebApplicationContext
2025-07-28T12:03:03.364-03:00  INFO 27304 --- [main] w.s.c.ServletWebServerApplicationContext : Root WebApplicationContext: initialization completed in 1120 ms
2025-07-28T12:03:03.388-03:00  INFO 27304 --- [main] com.zaxxer.hikari.HikariDataSource       : HikariPool-1 - Starting...
2025-07-28T12:03:03.655-03:00  INFO 27304 --- [main] com.zaxxer.hikari.pool.HikariPool        : HikariPool-1 - Added connection conn0: url=jdbc:h2:mem:championshipdb user=ROOT
2025-07-28T12:03:03.656-03:00  INFO 27304 --- [main] com.zaxxer.hikari.HikariDataSource       : HikariPool-1 - Start completed.
2025-07-28T12:03:03.666-03:00  INFO 27304 --- [main] o.s.b.a.h2.H2ConsoleAutoConfiguration    : H2 console available at '/h2-console'. Database available at 'jdbc:h2:mem:championshipdb'
2025-07-28T12:03:03.788-03:00  INFO 27304 --- [main] o.f.c.internal.license.VersionPrinter    : Flyway Community Edition 9.22.3 by Redgate
2025-07-28T12:03:03.788-03:00  INFO 27304 --- [main] o.f.c.internal.license.VersionPrinter    : See release notes here: https://rd.gt/416ObMi
2025-07-28T12:03:03.788-03:00  INFO 27304 --- [main] o.f.c.internal.license.VersionPrinter    : 
2025-07-28T12:03:03.822-03:00  INFO 27304 --- [main] org.flywaydb.core.FlywayExecutor         : Database: jdbc:h2:mem:championshipdb (H2 2.2)
2025-07-28T12:03:03.826-03:00  WARN 27304 --- [main] o.f.c.internal.database.base.Database    : Flyway upgrade recommended: H2 2.2.224 is newer than this version of Flyway and support has not been tested. The latest supported version of H2 is 2.2.220.
2025-07-28T12:03:03.844-03:00  INFO 27304 --- [main] o.f.c.i.s.JdbcTableSchemaHistory         : Schema history table "PUBLIC"."flyway_schema_history" does not exist yet
2025-07-28T12:03:03.846-03:00  INFO 27304 --- [main] o.f.core.internal.command.DbValidate     : Successfully validated 2 migrations (execution time 00:00.012s)
2025-07-28T12:03:03.851-03:00  INFO 27304 --- [main] o.f.c.i.s.JdbcTableSchemaHistory         : Creating Schema History table "PUBLIC"."flyway_schema_history" ...
2025-07-28T12:03:03.871-03:00  INFO 27304 --- [main] o.f.core.internal.command.DbMigrate      : Current version of schema "PUBLIC": << Empty Schema >>
2025-07-28T12:03:03.880-03:00  INFO 27304 --- [main] o.f.core.internal.command.DbMigrate      : Migrating schema "PUBLIC" to version "1 - criar tabelas iniciais"
2025-07-28T12:03:03.918-03:00  INFO 27304 --- [main] o.f.core.internal.command.DbMigrate      : Migrating schema "PUBLIC" to version "2 - inserir dados exemplo"
2025-07-28T12:03:03.935-03:00  INFO 27304 --- [main] o.f.core.internal.command.DbMigrate      : Successfully applied 2 migrations to schema "PUBLIC", now at version v2 (execution time 00:00.040s)
2025-07-28T12:03:04.001-03:00  INFO 27304 --- [main] o.hibernate.jpa.internal.util.LogHelper  : HHH000204: Processing PersistenceUnitInfo [name: default]
2025-07-28T12:03:04.059-03:00  INFO 27304 --- [main] org.hibernate.Version                    : HHH000412: Hibernate ORM core version 6.3.1.Final
2025-07-28T12:03:04.094-03:00  INFO 27304 --- [main] o.h.c.internal.RegionFactoryInitiator    : HHH000026: Second-level cache disabled
2025-07-28T12:03:04.313-03:00  INFO 27304 --- [main] o.s.o.j.p.SpringPersistenceUnitInfo      : No LoadTimeWeaver setup: ignoring JPA class transformer
2025-07-28T12:03:05.184-03:00  INFO 27304 --- [main] o.h.e.t.j.p.i.JtaPlatformInitiator       : HHH000489: No JTA platform available (set 'hibernate.transaction.jta.platform' to enable JTA platform integration)
2025-07-28T12:03:05.207-03:00  INFO 27304 --- [main] j.LocalContainerEntityManagerFactoryBean : Initialized JPA EntityManagerFactory for persistence unit 'default'
2025-07-28T12:03:05.405-03:00  INFO 27304 --- [main] o.s.d.j.r.query.QueryEnhancerFactory     : Hibernate is in classpath; If applicable, HQL parser will be used.
2025-07-28T12:03:05.993-03:00  WARN 27304 --- [main] JpaBaseConfiguration$JpaWebConfiguration : spring.jpa.open-in-view is enabled by default. Therefore, database queries may be performed during view rendering. Explicitly configure spring.jpa.open-in-view to disable this warning
2025-07-28T12:03:06.369-03:00  INFO 27304 --- [main] o.s.b.w.embedded.tomcat.TomcatWebServer  : Tomcat started on port 8080 (http) with context path ''
2025-07-28T12:03:06.375-03:00  INFO 27304 --- [main] c.a.c.ChampionshipApplication            : Started ChampionshipApplication in 4.57 seconds (process running for 5.193)
2025-07-28T12:03:06.377-03:00  INFO 27304 --- [main] c.a.championship.config.DatabaseConfig   : Conexão com o banco de dados estabelecida com sucesso!
2025-07-28T12:03:06.377-03:00  INFO 27304 --- [main] c.a.championship.config.DatabaseConfig   : URL: jdbc:h2:mem:championshipdb
2025-07-28T12:03:06.377-03:00  INFO 27304 --- [main] c.a.championship.config.DatabaseConfig   : Usuário: ROOT
2025-07-28T12:03:06.377-03:00  INFO 27304 --- [main] c.a.championship.config.DatabaseConfig   : Driver: H2 JDBC Driver 2.2.224 (2023-09-17)
2025-07-28T12:03:06.378-03:00  INFO 27304 --- [main] c.a.championship.config.DatabaseConfig   : Tabelas encontradas: [CONSTANTS, ENUM_VALUES, INDEXES, INDEX_COLUMNS, INFORMATION_SCHEMA_CATALOG_NAME, IN_DOUBT, LOCKS, QUERY_STATISTICS, RIGHTS, ROLES, SESSIONS, SESSION_STATE, SETTINGS, SYNONYMS, USERS, AUDITORIA, CAMPEONATOS, CAMPEONATO_TIMES, CONFIGURACAO_SISTEMA, ESTADIOS, JOGADORES, PARTIDAS, TIMES, flyway_schema_history]
2025-07-28T12:03:06.378-03:00  INFO 27304 --- [main] c.a.championship.config.DatabaseConfig   : Banco de dados: H2 2.2.224 (2023-09-17)
2025-07-28T12:03:06.380-03:00 DEBUG 27304 --- [main] o.s.jdbc.datasource.DataSourceUtils      : Fetching JDBC Connection from DataSource
2025-07-28T12:03:06.382-03:00  INFO 27304 --- [main] c.a.championship.config.DatabaseConfig   : Teste de consulta ao banco de dados realizado com sucesso!
2025-07-28T12:03:15.035-03:00  INFO 27304 --- [SpringApplicationShutdownHook] j.LocalContainerEntityManagerFactoryBean : Closing JPA EntityManagerFactory for persistence unit 'default'
2025-07-28T12:03:15.037-03:00  INFO 27304 --- [SpringApplicationShutdownHook] com.zaxxer.hikari.HikariDataSource       : HikariPool-1 - Shutdown initiated...
2025-07-28T12:03:15.038-03:00  INFO 27304 --- [SpringApplicationShutdownHook] com.zaxxer.hikari.HikariDataSource       : HikariPool-1 - Shutdown completed.
2025-07-28T12:03:57.617-03:00  INFO 16996 --- [main] c.a.c.ChampionshipApplication            : Starting ChampionshipApplication using Java 21.0.6 with PID 16996 (C:\Users\jtchb\Desktop\Projetos\Lbweb\api-gerenciamento-campeonato\target\classes started by jtchb in C:\Users\jtchb\Desktop\Projetos\Lbweb\api-gerenciamento-campeonato)
2025-07-28T12:03:57.620-03:00  INFO 16996 --- [main] c.a.c.ChampionshipApplication            : No active profile set, falling back to 1 default profile: "default"
2025-07-28T12:03:58.147-03:00  INFO 16996 --- [main] .s.d.r.c.RepositoryConfigurationDelegate : Bootstrapping Spring Data JPA repositories in DEFAULT mode.
2025-07-28T12:03:58.189-03:00  INFO 16996 --- [main] .s.d.r.c.RepositoryConfigurationDelegate : Finished Spring Data repository scanning in 37 ms. Found 5 JPA repository interfaces.
2025-07-28T12:03:58.563-03:00  INFO 16996 --- [main] o.s.b.w.embedded.tomcat.TomcatWebServer  : Tomcat initialized with port 8080 (http)
2025-07-28T12:03:58.569-03:00  INFO 16996 --- [main] o.apache.catalina.core.StandardService   : Starting service [Tomcat]
2025-07-28T12:03:58.571-03:00  INFO 16996 --- [main] o.apache.catalina.core.StandardEngine    : Starting Servlet engine: [Apache Tomcat/10.1.16]
2025-07-28T12:03:58.619-03:00  INFO 16996 --- [main] o.a.c.c.C.[Tomcat].[localhost].[/]       : Initializing Spring embedded WebApplicationContext
2025-07-28T12:03:58.620-03:00  INFO 16996 --- [main] w.s.c.ServletWebServerApplicationContext : Root WebApplicationContext: initialization completed in 962 ms
2025-07-28T12:03:58.640-03:00  INFO 16996 --- [main] com.zaxxer.hikari.HikariDataSource       : HikariPool-1 - Starting...
2025-07-28T12:03:58.844-03:00  INFO 16996 --- [main] com.zaxxer.hikari.pool.HikariPool        : HikariPool-1 - Added connection conn0: url=jdbc:h2:mem:championshipdb user=ROOT
2025-07-28T12:03:58.845-03:00  INFO 16996 --- [main] com.zaxxer.hikari.HikariDataSource       : HikariPool-1 - Start completed.
2025-07-28T12:03:58.853-03:00  INFO 16996 --- [main] o.s.b.a.h2.H2ConsoleAutoConfiguration    : H2 console available at '/h2-console'. Database available at 'jdbc:h2:mem:championshipdb'
2025-07-28T12:03:58.955-03:00  INFO 16996 --- [main] o.f.c.internal.license.VersionPrinter    : Flyway Community Edition 9.22.3 by Redgate
2025-07-28T12:03:58.955-03:00  INFO 16996 --- [main] o.f.c.internal.license.VersionPrinter    : See release notes here: https://rd.gt/416ObMi
2025-07-28T12:03:58.955-03:00  INFO 16996 --- [main] o.f.c.internal.license.VersionPrinter    : 
2025-07-28T12:03:58.984-03:00  INFO 16996 --- [main] org.flywaydb.core.FlywayExecutor         : Database: jdbc:h2:mem:championshipdb (H2 2.2)
2025-07-28T12:03:58.987-03:00  WARN 16996 --- [main] o.f.c.internal.database.base.Database    : Flyway upgrade recommended: H2 2.2.224 is newer than this version of Flyway and support has not been tested. The latest supported version of H2 is 2.2.220.
2025-07-28T12:03:59.003-03:00  INFO 16996 --- [main] o.f.c.i.s.JdbcTableSchemaHistory         : Schema history table "PUBLIC"."flyway_schema_history" does not exist yet
2025-07-28T12:03:59.005-03:00  INFO 16996 --- [main] o.f.core.internal.command.DbValidate     : Successfully validated 2 migrations (execution time 00:00.010s)
2025-07-28T12:03:59.008-03:00  INFO 16996 --- [main] o.f.c.i.s.JdbcTableSchemaHistory         : Creating Schema History table "PUBLIC"."flyway_schema_history" ...
2025-07-28T12:03:59.024-03:00  INFO 16996 --- [main] o.f.core.internal.command.DbMigrate      : Current version of schema "PUBLIC": << Empty Schema >>
2025-07-28T12:03:59.031-03:00  INFO 16996 --- [main] o.f.core.internal.command.DbMigrate      : Migrating schema "PUBLIC" to version "1 - criar tabelas iniciais"
2025-07-28T12:03:59.059-03:00  INFO 16996 --- [main] o.f.core.internal.command.DbMigrate      : Migrating schema "PUBLIC" to version "2 - inserir dados exemplo"
2025-07-28T12:03:59.074-03:00  INFO 16996 --- [main] o.f.core.internal.command.DbMigrate      : Successfully applied 2 migrations to schema "PUBLIC", now at version v2 (execution time 00:00.029s)
2025-07-28T12:03:59.133-03:00  INFO 16996 --- [main] o.hibernate.jpa.internal.util.LogHelper  : HHH000204: Processing PersistenceUnitInfo [name: default]
2025-07-28T12:03:59.178-03:00  INFO 16996 --- [main] org.hibernate.Version                    : HHH000412: Hibernate ORM core version 6.3.1.Final
2025-07-28T12:03:59.202-03:00  INFO 16996 --- [main] o.h.c.internal.RegionFactoryInitiator    : HHH000026: Second-level cache disabled
2025-07-28T12:03:59.367-03:00  INFO 16996 --- [main] o.s.o.j.p.SpringPersistenceUnitInfo      : No LoadTimeWeaver setup: ignoring JPA class transformer
2025-07-28T12:04:00.063-03:00  INFO 16996 --- [main] o.h.e.t.j.p.i.JtaPlatformInitiator       : HHH000489: No JTA platform available (set 'hibernate.transaction.jta.platform' to enable JTA platform integration)
2025-07-28T12:04:00.081-03:00  INFO 16996 --- [main] j.LocalContainerEntityManagerFactoryBean : Initialized JPA EntityManagerFactory for persistence unit 'default'
2025-07-28T12:04:00.273-03:00  INFO 16996 --- [main] o.s.d.j.r.query.QueryEnhancerFactory     : Hibernate is in classpath; If applicable, HQL parser will be used.
2025-07-28T12:04:00.829-03:00  WARN 16996 --- [main] JpaBaseConfiguration$JpaWebConfiguration : spring.jpa.open-in-view is enabled by default. Therefore, database queries may be performed during view rendering. Explicitly configure spring.jpa.open-in-view to disable this warning
2025-07-28T12:04:01.172-03:00  INFO 16996 --- [main] o.s.b.w.embedded.tomcat.TomcatWebServer  : Tomcat started on port 8080 (http) with context path ''
2025-07-28T12:04:01.178-03:00  INFO 16996 --- [main] c.a.c.ChampionshipApplication            : Started ChampionshipApplication in 3.938 seconds (process running for 4.475)
2025-07-28T12:04:01.179-03:00  INFO 16996 --- [main] c.a.championship.config.DatabaseConfig   : Conexão com o banco de dados estabelecida com sucesso!
2025-07-28T12:04:01.179-03:00  INFO 16996 --- [main] c.a.championship.config.DatabaseConfig   : URL: jdbc:h2:mem:championshipdb
2025-07-28T12:04:01.179-03:00  INFO 16996 --- [main] c.a.championship.config.DatabaseConfig   : Usuário: ROOT
2025-07-28T12:04:01.179-03:00  INFO 16996 --- [main] c.a.championship.config.DatabaseConfig   : Driver: H2 JDBC Driver 2.2.224 (2023-09-17)
2025-07-28T12:04:01.179-03:00  INFO 16996 --- [main] c.a.championship.config.DatabaseConfig   : Tabelas encontradas: [CONSTANTS, ENUM_VALUES, INDEXES, INDEX_COLUMNS, INFORMATION_SCHEMA_CATALOG_NAME, IN_DOUBT, LOCKS, QUERY_STATISTICS, RIGHTS, ROLES, SESSIONS, SESSION_STATE, SETTINGS, SYNONYMS, USERS, AUDITORIA, CAMPEONATOS, CAMPEONATO_TIMES, CONFIGURACAO_SISTEMA, ESTADIOS, JOGADORES, PARTIDAS, TIMES, flyway_schema_history]
2025-07-28T12:04:01.180-03:00  INFO 16996 --- [main] c.a.championship.config.DatabaseConfig   : Banco de dados: H2 2.2.224 (2023-09-17)
2025-07-28T12:04:01.182-03:00 DEBUG 16996 --- [main] o.s.jdbc.datasource.DataSourceUtils      : Fetching JDBC Connection from DataSource
2025-07-28T12:04:01.184-03:00  INFO 16996 --- [main] c.a.championship.config.DatabaseConfig   : Teste de consulta ao banco de dados realizado com sucesso!
2025-07-28T12:04:01.722-03:00  INFO 16996 --- [http-nio-8080-exec-1] o.a.c.c.C.[Tomcat].[localhost].[/]       : Initializing Spring DispatcherServlet 'dispatcherServlet'
2025-07-28T12:04:01.722-03:00  INFO 16996 --- [http-nio-8080-exec-1] o.s.web.servlet.DispatcherServlet        : Initializing Servlet 'dispatcherServlet'
2025-07-28T12:04:01.722-03:00  INFO 16996 --- [http-nio-8080-exec-1] o.s.web.servlet.DispatcherServlet        : Completed initialization in 0 ms
2025-07-28T12:04:02.433-03:00  INFO 16996 --- [http-nio-8080-exec-10] o.springdoc.api.AbstractOpenApiResource  : Init duration for springdoc-openapi is: 412 ms
2025-07-28T15:12:17.699-03:00  INFO 16996 --- [SpringApplicationShutdownHook] j.LocalContainerEntityManagerFactoryBean : Closing JPA EntityManagerFactory for persistence unit 'default'
2025-07-28T15:12:17.707-03:00  INFO 16996 --- [SpringApplicationShutdownHook] com.zaxxer.hikari.HikariDataSource       : HikariPool-1 - Shutdown initiated...
2025-07-28T15:12:17.710-03:00  INFO 16996 --- [SpringApplicationShutdownHook] com.zaxxer.hikari.HikariDataSource       : HikariPool-1 - Shutdown completed.
